<?xml version="1.0" encoding="UTF-8"?>
<testsuite name="rogue.DoorClassTests" tests="2" skipped="0" failures="0" errors="0" timestamp="2020-11-30T09:49:21" hostname="DESKTOP-09DTTMT" time="0.004">
  <properties/>
  <testcase name="testConnectRoomAndGetConnectedRooms" classname="rogue.DoorClassTests" time="0.003"/>
  <testcase name="testGetOtherRoom" classname="rogue.DoorClassTests" time="0.0"/>
  <system-out><![CDATA[]]></system-out>
  <system-err><![CDATA[]]></system-err>
</testsuite>
